<?xml version="1.0" encoding="UTF-8"?>
<marches xmlns:xsi="http://www.w3.org/2001/XMLSchema-instance" xsi:schemaLocation="https://raw.githubusercontent.com/etalab/format-commande-publique/master/sch%C3%A9mas/xml/march%C3%A9s.xsd">
<marche>
<id>2017-629-20004697700019</id>
<acheteur>
<id>20004697700019</id>
<nom>Métropole de Lyon</nom>
</acheteur>
<nature>Accord-cadre</nature>
<objet>
Lot 2 : Prestations d'organisation d'événements, de coordination et d'intendance générale auprès de la Métropole de Lyon pour les événements liés à l'entrepreneuriat et aux filières d'excellence du territoire pour 2018 et 2019.
</objet>
<codeCPV>79952000-2</codeCPV>
<procedure>Procédure adaptée</procedure>
<lieuExecution>
<code>69000</code>
<typeCode>Code commune</typeCode>
<nom>France et monde entier</nom>
</lieuExecution>
<dureeMois>12</dureeMois>
<dateNotification>2018-01-26</dateNotification>
<datePublicationDonnees>2019-01-17</datePublicationDonnees>
<dateTransmissionDonneesEtalab/>
<datePublicationDonnees>2018-09-15</datePublicationDonnees>
<montant>260000.00</montant>
<formePrix>Révisable</formePrix>
<titulaires>
<titulaire>
<id>42058740400039</id>
<typeIdentifiant>SIRET</typeIdentifiant>
<denominationSociale>IVANHOE</denominationSociale>
</titulaire>
</titulaires>
<modifications/>
</marche>
</marches>